<?xml version="1.0" encoding="UTF-8"?>
<!-- Generated by org.testng.reporters.JUnitReportReporter -->
<testsuite hostname="Tarik" failures="0" tests="2" name="com.Web_Automation.LoginTest" time="25.510" errors="0" timestamp="2024-07-24T18:00:53 IST" skipped="0">
  <testcase classname="com.Web_Automation.LoginTest" name="loginWithValidCredentials" time="13.004"/>
  <system-out/>
  <testcase classname="com.Web_Automation.LoginTest" name="verifyLoginBtnIsDisable" time="12.506"/>
  <system-out/>
</testsuite> <!-- com.Web_Automation.LoginTest -->
