<?xml version="1.0" encoding="UTF-8"?>
<!-- Generated by org.testng.reporters.JUnitReportReporter -->
<testsuite hostname="Tarik" failures="0" tests="1" name="com.automation.HeadlessBrowser" time="4.742" errors="0" timestamp="2024-07-03T18:27:42 IST" skipped="0">
  <testcase classname="com.automation.HeadlessBrowser" name="verifyTheText" time="4.742"/>
  <system-out/>
</testsuite> <!-- com.automation.HeadlessBrowser -->
