<?xml version="1.0" encoding="UTF-8"?>
<!-- Generated by org.testng.reporters.JUnitReportReporter -->
<testsuite hostname="Tarik" failures="0" tests="1" name="com.test.ScrollByTest" time="0.036" errors="0" timestamp="2023-12-28T20:15:48 IST" skipped="0">
  <testcase classname="com.test.ScrollByTest" name="verifyScrollByMethod" time="0.036"/>
  <system-out/>
</testsuite> <!-- com.test.ScrollByTest -->
