<?xml version="1.0" encoding="UTF-8"?>
<!-- Generated by org.testng.reporters.JUnitReportReporter -->
<testsuite hostname="Tarik" failures="0" tests="1" name="com.chargeSavvy.SearchTest" time="14.539" errors="0" timestamp="2024-07-03T16:14:52 IST" skipped="0">
  <testcase classname="com.chargeSavvy.SearchTest" name="verifyErrMessg" time="14.539"/>
  <system-out/>
</testsuite> <!-- com.chargeSavvy.SearchTest -->
