<?xml version="1.0" encoding="UTF-8"?>
<!-- Generated by org.testng.reporters.JUnitReportReporter -->
<testsuite hostname="Tarik" failures="0" tests="4" name="com.chargeSavvy.SavvyLoginTest" time="40.631" errors="0" timestamp="2024-07-03T16:31:43 IST" skipped="0">
  <testcase classname="com.chargeSavvy.SavvyLoginTest" name="loginWithValidCredentials" time="13.934"/>
  <system-out/>
  <testcase classname="com.chargeSavvy.SavvyLoginTest" name="verifyUserRequireErrMsg" time="8.156"/>
  <system-out/>
  <testcase classname="com.chargeSavvy.SavvyLoginTest" name="verifyPwdRequireErrMsg" time="9.803"/>
  <system-out/>
  <testcase classname="com.chargeSavvy.SavvyLoginTest" name="verifyUserNameAndPwdRequireMsg" time="8.738"/>
  <system-out/>
</testsuite> <!-- com.chargeSavvy.SavvyLoginTest -->
