<?xml version="1.0" encoding="UTF-8"?>
<!-- Generated by org.testng.reporters.JUnitReportReporter -->
<testsuite hostname="Tarik" failures="0" tests="1" name="com.test.TextVerifyTest" time="0.106" errors="0" timestamp="2023-12-30T19:12:15 IST" skipped="0">
  <testcase classname="com.test.TextVerifyTest" name="verifyTheLoginHeaderText" time="0.106"/>
  <system-out/>
</testsuite> <!-- com.test.TextVerifyTest -->
