<?xml version="1.0" encoding="UTF-8"?>
<!-- Generated by org.testng.reporters.JUnitReportReporter -->
<testsuite hostname="Tarik" failures="0" tests="1" name="com.chargeSavvy.LogoutTest" time="26.905" errors="0" timestamp="2024-07-03T18:19:04 IST" skipped="0">
  <testcase classname="com.chargeSavvy.LogoutTest" name="logoutFromTheApplication" time="26.905"/>
  <system-out/>
</testsuite> <!-- com.chargeSavvy.LogoutTest -->
