<?xml version="1.0" encoding="UTF-8"?>
<!-- Generated by org.testng.reporters.JUnitReportReporter -->
<testsuite hostname="Tarik" failures="0" tests="2" name="com.automation.Alert" time="10.792" errors="0" timestamp="2024-06-28T13:00:36 IST" skipped="0">
  <testcase classname="com.automation.Alert" name="confirmAlert" time="6.151"/>
  <system-out/>
  <testcase classname="com.automation.Alert" name="simpleAlert" time="4.641"/>
  <system-out/>
</testsuite> <!-- com.automation.Alert -->
