<?xml version="1.0" encoding="UTF-8"?>
<!-- Generated by org.testng.reporters.JUnitReportReporter -->
<testsuite hostname="Tarik" failures="0" tests="1" name="com.chargeSavvy.LogoutTest" time="19.249" errors="0" timestamp="2024-05-09T18:14:11 IST" skipped="0">
  <testcase classname="com.chargeSavvy.LogoutTest" name="logoutFromTheApplication" time="19.249"/>
  <system-out/>
</testsuite> <!-- com.chargeSavvy.LogoutTest -->
