<?xml version="1.0" encoding="UTF-8"?>
<!-- Generated by org.testng.reporters.JUnitReportReporter -->
<testsuite hostname="Tarik" failures="0" tests="2" name="com.orange.tests.LoginTest" time="28.854" errors="0" timestamp="2024-01-10T19:37:55 IST" skipped="0">
  <testcase classname="com.orange.tests.LoginTest" name="loginWithValidCredentials" time="12.981"/>
  <system-out/>
  <testcase classname="com.orange.tests.LoginTest" name="verifyErrorMessageWithInvalidLoginCredentials" time="15.873"/>
  <system-out/>
</testsuite> <!-- com.orange.tests.LoginTest -->
