<?xml version="1.0" encoding="UTF-8"?>
<!-- Generated by org.testng.reporters.JUnitReportReporter -->
<testsuite hostname="Tarik" failures="0" tests="1" name="com.test.FileUploadTest" time="1.201" errors="0" timestamp="2023-12-28T20:50:01 IST" skipped="0">
  <testcase classname="com.test.FileUploadTest" name="verifyUploadFile" time="1.201"/>
  <system-out/>
</testsuite> <!-- com.test.FileUploadTest -->
