<?xml version="1.0" encoding="UTF-8"?>
<!-- Generated by org.testng.reporters.JUnitReportReporter -->
<testsuite hostname="Tarik" failures="0" tests="3" name="com.chargeSavvy.SearchMerchantTest" time="90.806" errors="0" timestamp="2024-05-10T13:12:45 IST" skipped="0">
  <testcase classname="com.chargeSavvy.SearchMerchantTest" name="verifyIpAddressErrMsgWhenIpAddressFieldIsEmpty" time="32.573"/>
  <system-out/>
  <testcase classname="com.chargeSavvy.SearchMerchantTest" name="verifySomethingWentWrongErrMsgWhenPortNumberFieldIsEmpty" time="24.762"/>
  <system-out/>
  <testcase classname="com.chargeSavvy.SearchMerchantTest" name="verifyBergModelRequireErrMsg" time="33.471"/>
  <system-out/>
</testsuite> <!-- com.chargeSavvy.SearchMerchantTest -->
