<?xml version="1.0" encoding="UTF-8"?>
<!-- Generated by org.testng.reporters.JUnitReportReporter -->
<testsuite hostname="Tarik" failures="0" tests="1" name="com.automation.PromptAlert" time="5.637" errors="0" timestamp="2024-06-28T13:13:55 IST" skipped="0">
  <testcase classname="com.automation.PromptAlert" name="promptAlertAccept" time="5.637"/>
  <system-out/>
</testsuite> <!-- com.automation.PromptAlert -->
