<?xml version="1.0" encoding="UTF-8"?>
<!-- Generated by org.testng.reporters.JUnitReportReporter -->
<testsuite hostname="Tarik" failures="0" tests="1" name="com.Web_Automation.RadioBtnTest" time="10.078" errors="0" timestamp="2024-07-25T12:49:22 IST" skipped="0">
  <testcase classname="com.Web_Automation.RadioBtnTest" name="verifyRadioBtnIsSelected" time="10.078"/>
  <system-out/>
</testsuite> <!-- com.Web_Automation.RadioBtnTest -->
