<?xml version="1.0" encoding="UTF-8"?>
<!-- Generated by org.testng.reporters.JUnitReportReporter -->
<testsuite hostname="Tarik" failures="0" tests="2" name="com.xcelerator.LoginTest" time="1.028" errors="0" timestamp="2023-12-26T10:44:51 IST" skipped="0">
  <testcase classname="com.xcelerator.LoginTest" name="VerifyLoginWithInvalidCredentials" time="0.522"/>
  <system-out/>
  <testcase classname="com.xcelerator.LoginTest" name="VerifyLoginWithValidCredentials" time="0.506"/>
  <system-out/>
</testsuite> <!-- com.xcelerator.LoginTest -->
